components/CustomerDatabase.tsx(103,58): error TS2345: Argument of type '{ id: unknown; updates: { isHidden: boolean; }; }[]' is not assignable to parameter of type '{ id: string; updates: Partial<{ id: string; }>; }[]'.
  Type '{ id: unknown; updates: { isHidden: boolean; }; }' is not assignable to type '{ id: string; updates: Partial<{ id: string; }>; }'.
    Types of property 'id' are incompatible.
      Type 'unknown' is not assignable to type 'string'.
components/CustomerDatabase.tsx(107,32): error TS2345: Argument of type 'unknown[]' is not assignable to parameter of type 'string[]'.
  Type 'unknown' is not assignable to type 'string'.
components/CustomerDatabase.tsx(124,58): error TS2345: Argument of type '{ id: unknown; updates: { salesman: any; assignedAgent: any; }; }[]' is not assignable to parameter of type '{ id: string; updates: Partial<{ id: string; }>; }[]'.
  Type '{ id: unknown; updates: { salesman: any; assignedAgent: any; }; }' is not assignable to type '{ id: string; updates: Partial<{ id: string; }>; }'.
    Types of property 'id' are incompatible.
      Type 'unknown' is not assignable to type 'string'.
components/CustomerDatabase.tsx(129,32): error TS2345: Argument of type 'unknown[]' is not assignable to parameter of type 'string[]'.
  Type 'unknown' is not assignable to type 'string'.
components/CustomerDatabase.tsx(146,58): error TS2345: Argument of type '{ id: unknown; updates: { priceGroup: any; }; }[]' is not assignable to parameter of type '{ id: string; updates: Partial<{ id: string; }>; }[]'.
  Type '{ id: unknown; updates: { priceGroup: any; }; }' is not assignable to type '{ id: string; updates: Partial<{ id: string; }>; }'.
    Types of property 'id' are incompatible.
      Type 'unknown' is not assignable to type 'string'.
components/CustomerDatabase.tsx(151,32): error TS2345: Argument of type 'unknown[]' is not assignable to parameter of type 'string[]'.
  Type 'unknown' is not assignable to type 'string'.
components/PurchaseOrderView.tsx(136,70): error TS2345: Argument of type 'string | number' is not assignable to parameter of type 'string'.
  Type 'number' is not assignable to type 'string'.
components/RecycleBinView.tsx(34,11): error TS2740: Type '{ [x: number]: number; contact: number; product: number; task: number; deal: number; invoice: number; }' is missing the following properties from type 'Record<RecycleBinItemType, number>': inquiry, order, orderslip, team_message, and 2 more.
components/RecycleBinView.tsx(39,27): error TS2339: Property 'SALES_INQUIRY' does not exist on type 'typeof RecycleBinItemType'.
components/RecycleBinView.tsx(40,27): error TS2339: Property 'SALES_ORDER' does not exist on type 'typeof RecycleBinItemType'.
components/RecycleBinView.tsx(41,27): error TS2551: Property 'ORDER_SLIP' does not exist on type 'typeof RecycleBinItemType'. Did you mean 'ORDERSLIP'?
components/RecycleBinView.tsx(78,69): error TS2353: Object literal may only specify known properties, and 'is_restored' does not exist in type 'Partial<{ id: string; }>'.
components/TasksView.tsx(34,23): error TS2339: Property 'createdAt' does not exist on type 'Task'.
components/TasksView.tsx(34,62): error TS2339: Property 'createdAt' does not exist on type 'Task'.
components/TasksView.tsx(95,61): error TS2353: Object literal may only specify known properties, and 'status' does not exist in type 'Partial<{ id: string; }>'.
database.types.ts(1108,14): error TS2536: Type '"Tables"' cannot be used to index type 'Database[PublicTableNameOrOptions["schema"]]'.
database.types.ts(1109,9): error TS2536: Type '"Views"' cannot be used to index type 'Database[PublicTableNameOrOptions["schema"]]'.
database.types.ts(1112,8): error TS2536: Type '"Tables"' cannot be used to index type 'Database[PublicTableNameOrOptions["schema"]]'.
database.types.ts(1113,9): error TS2536: Type '"Views"' cannot be used to index type 'Database[PublicTableNameOrOptions["schema"]]'.
database.types.ts(1133,13): error TS2536: Type '"Tables"' cannot be used to index type 'Database[PublicTableNameOrOptions["schema"]]'.
database.types.ts(1136,7): error TS2536: Type '"Tables"' cannot be used to index type 'Database[PublicTableNameOrOptions["schema"]]'.
database.types.ts(1154,13): error TS2536: Type '"Tables"' cannot be used to index type 'Database[PublicTableNameOrOptions["schema"]]'.
database.types.ts(1159,7): error TS2536: Type '"Tables"' cannot be used to index type 'Database[PublicTableNameOrOptions["schema"]]'.
database.types.ts(1177,13): error TS2536: Type '"Enums"' cannot be used to index type 'Database[PublicEnumNameOrOptions["schema"]]'.
database.types.ts(1180,7): error TS2536: Type '"Enums"' cannot be used to index type 'Database[PublicEnumNameOrOptions["schema"]]'.
hooks/__tests__/useRealtimeList.test.ts(17,29): error TS2558: Expected 0-1 type arguments, but got 2.
hooks/__tests__/useRealtimeList.test.ts(28,35): error TS2345: Argument of type 'TestItem[]' is not assignable to parameter of type 'never'.
hooks/__tests__/useRealtimeList.test.ts(52,35): error TS2345: Argument of type 'TestItem[]' is not assignable to parameter of type 'never'.
hooks/__tests__/useRealtimeList.test.ts(77,35): error TS2345: Argument of type 'TestItem[]' is not assignable to parameter of type 'never'.
hooks/__tests__/useRealtimeList.test.ts(117,35): error TS2345: Argument of type 'undefined[]' is not assignable to parameter of type 'never'.
lib/supabaseClient.ts(4,33): error TS2339: Property 'env' does not exist on type 'ImportMeta'.
lib/supabaseClient.ts(5,37): error TS2339: Property 'env' does not exist on type 'ImportMeta'.
services/__tests__/purchaseOrderService.test.ts(123,21): error TS2339: Property 'createPurchaseOrder' does not exist on type 'typeof import("/Users/melsonleanbacuen/Documents/james-newsystem/services/purchaseOrderService")'.
services/__tests__/purchaseOrderService.test.ts(147,21): error TS2339: Property 'createPurchaseOrder' does not exist on type 'typeof import("/Users/melsonleanbacuen/Documents/james-newsystem/services/purchaseOrderService")'.
services/__tests__/purchaseOrderService.test.ts(197,21): error TS2339: Property 'createPurchaseOrder' does not exist on type 'typeof import("/Users/melsonleanbacuen/Documents/james-newsystem/services/purchaseOrderService")'.
services/__tests__/purchaseOrderService.test.ts(234,21): error TS2339: Property 'getPurchaseOrder' does not exist on type 'typeof import("/Users/melsonleanbacuen/Documents/james-newsystem/services/purchaseOrderService")'.
services/__tests__/purchaseOrderService.test.ts(248,21): error TS2339: Property 'getPurchaseOrder' does not exist on type 'typeof import("/Users/melsonleanbacuen/Documents/james-newsystem/services/purchaseOrderService")'.
services/__tests__/purchaseOrderService.test.ts(327,21): error TS2339: Property 'updatePurchaseOrder' does not exist on type 'typeof import("/Users/melsonleanbacuen/Documents/james-newsystem/services/purchaseOrderService")'.
services/__tests__/purchaseOrderService.test.ts(357,21): error TS2339: Property 'updatePurchaseOrder' does not exist on type 'typeof import("/Users/melsonleanbacuen/Documents/james-newsystem/services/purchaseOrderService")'.
services/__tests__/purchaseOrderService.test.ts(371,21): error TS2339: Property 'updatePurchaseOrder' does not exist on type 'typeof import("/Users/melsonleanbacuen/Documents/james-newsystem/services/purchaseOrderService")'.
services/__tests__/purchaseOrderService.test.ts(426,21): error TS2339: Property 'markAsDelivered' does not exist on type 'typeof import("/Users/melsonleanbacuen/Documents/james-newsystem/services/purchaseOrderService")'.
services/__tests__/purchaseOrderService.test.ts(451,21): error TS2339: Property 'markAsDelivered' does not exist on type 'typeof import("/Users/melsonleanbacuen/Documents/james-newsystem/services/purchaseOrderService")'.
services/__tests__/purchaseOrderService.test.ts(482,21): error TS2339: Property 'markAsDelivered' does not exist on type 'typeof import("/Users/melsonleanbacuen/Documents/james-newsystem/services/purchaseOrderService")'.
services/__tests__/purchaseOrderService.test.ts(516,21): error TS2339: Property 'getAllPurchaseOrders' does not exist on type 'typeof import("/Users/melsonleanbacuen/Documents/james-newsystem/services/purchaseOrderService")'.
services/__tests__/purchaseOrderService.test.ts(540,21): error TS2339: Property 'getAllPurchaseOrders' does not exist on type 'typeof import("/Users/melsonleanbacuen/Documents/james-newsystem/services/purchaseOrderService")'.
services/__tests__/purchaseOrderService.test.ts(552,21): error TS2339: Property 'getAllPurchaseOrders' does not exist on type 'typeof import("/Users/melsonleanbacuen/Documents/james-newsystem/services/purchaseOrderService")'.
services/__tests__/purchaseOrderService.test.ts(562,21): error TS2339: Property 'getAllPurchaseOrders' does not exist on type 'typeof import("/Users/melsonleanbacuen/Documents/james-newsystem/services/purchaseOrderService")'.
services/__tests__/supabaseService.test.ts(54,7): error TS2322: Type 'Mock<() => { eq: Mock<() => { maybeSingle: Mock<Procedure>; }>; }>' is not assignable to type 'Mock<() => { eq: Mock<() => { maybeSingle: Mock<Procedure>; }>; maybeSingle: Mock<Procedure>; }>'.
  Type 'Mock<() => { eq: Mock<() => { maybeSingle: Mock<Procedure>; }>; }>' is not assignable to type '{ (): { eq: Mock<() => { maybeSingle: Mock<Procedure>; }>; maybeSingle: Mock<Procedure>; }; new (): { eq: Mock<() => { maybeSingle: Mock<Procedure>; }>; maybeSingle: Mock<...>; }; }'.
    Property 'maybeSingle' is missing in type '{ eq: Mock<() => { maybeSingle: Mock<Procedure>; }>; }' but required in type '{ eq: Mock<() => { maybeSingle: Mock<Procedure>; }>; maybeSingle: Mock<Procedure>; }'.
services/__tests__/supabaseService.test.ts(106,7): error TS2322: Type 'Mock<() => { eq: Mock<() => { maybeSingle: Mock<Procedure>; }>; }>' is not assignable to type 'Mock<() => { eq: Mock<() => { maybeSingle: Mock<Procedure>; }>; maybeSingle: Mock<Procedure>; }>'.
  Type 'Mock<() => { eq: Mock<() => { maybeSingle: Mock<Procedure>; }>; }>' is not assignable to type '{ (): { eq: Mock<() => { maybeSingle: Mock<Procedure>; }>; maybeSingle: Mock<Procedure>; }; new (): { eq: Mock<() => { maybeSingle: Mock<Procedure>; }>; maybeSingle: Mock<...>; }; }'.
    Property 'maybeSingle' is missing in type '{ eq: Mock<() => { maybeSingle: Mock<Procedure>; }>; }' but required in type '{ eq: Mock<() => { maybeSingle: Mock<Procedure>; }>; maybeSingle: Mock<Procedure>; }'.
services/__tests__/supabaseService.test.ts(201,7): error TS2322: Type 'Mock<() => { eq: Mock<() => { maybeSingle: Mock<Procedure>; }>; }>' is not assignable to type 'Mock<() => { eq: Mock<() => { maybeSingle: Mock<Procedure>; }>; maybeSingle: Mock<Procedure>; }>'.
  Type 'Mock<() => { eq: Mock<() => { maybeSingle: Mock<Procedure>; }>; }>' is not assignable to type '{ (): { eq: Mock<() => { maybeSingle: Mock<Procedure>; }>; maybeSingle: Mock<Procedure>; }; new (): { eq: Mock<() => { maybeSingle: Mock<Procedure>; }>; maybeSingle: Mock<...>; }; }'.
    Property 'maybeSingle' is missing in type '{ eq: Mock<() => { maybeSingle: Mock<Procedure>; }>; }' but required in type '{ eq: Mock<() => { maybeSingle: Mock<Procedure>; }>; maybeSingle: Mock<Procedure>; }'.
services/geminiService.ts(5,30): error TS2339: Property 'env' does not exist on type 'ImportMeta'.
services/invoiceService.ts(297,42): error TS2589: Type instantiation is excessively deep and possibly infinite.
services/invoiceService.ts(298,13): error TS2769: No overload matches this call.
  Overload 1 of 2, '(relation: "purchase_history" | "profiles" | "contacts" | "inquiries" | "invoices" | "sales_orders" | "order_slips" | "products" | "sales_inquiries" | "incident_reports" | "notifications" | ... 23 more ... | "updated_contact_details"): PostgrestQueryBuilder<...>', gave the following error.
    Argument of type '"inventory_logs"' is not assignable to parameter of type '"purchase_history" | "profiles" | "contacts" | "inquiries" | "invoices" | "sales_orders" | "order_slips" | "products" | "sales_inquiries" | "incident_reports" | "notifications" | ... 23 more ... | "updated_contact_details"'.
  Overload 2 of 2, '(relation: never): PostgrestQueryBuilder<{ PostgrestVersion: "13.0.5"; }, { Tables: { agent_customer_breakdown: { Row: { active_count: number; agent_id: string; created_at: string; date: string; id: string; inactive_count: number; prospective_count: number; updated_at: string; }; Insert: { ...; }; Update: { ...; }; Relationships: [...]; }; ... 33 more ...; updated_contact_details: { ...; }; }; Views: {}; Functions: { ...; }; Enums: {}; CompositeTypes: {}; }, never, never, never>', gave the following error.
    Argument of type '"inventory_logs"' is not assignable to parameter of type 'never'.
services/invoiceService.ts(371,8): error TS2769: No overload matches this call.
  Overload 1 of 2, '(values: { deleted_at?: string; deleted_by: string; expires_at: string; id?: string; is_restored?: boolean; item_id: string; item_type: string; original_data: Json; permanent_delete_at?: string; restore_token: string; restored_at?: string; restored_by?: string; }, options?: { ...; }): PostgrestFilterBuilder<...>', gave the following error.
    Type 'Invoice' is not assignable to type 'Json'.
      Type 'Invoice' is not assignable to type '{ [key: string]: Json; }'.
        Index signature for type 'string' is missing in type 'Invoice'.
  Overload 2 of 2, '(values: { deleted_at?: string; deleted_by: string; expires_at: string; id?: string; is_restored?: boolean; item_id: string; item_type: string; original_data: Json; permanent_delete_at?: string; restore_token: string; restored_at?: string; restored_by?: string; }[], options?: { ...; }): PostgrestFilterBuilder<...>', gave the following error.
    Object literal may only specify known properties, and 'item_type' does not exist in type '{ deleted_at?: string; deleted_by: string; expires_at: string; id?: string; is_restored?: boolean; item_id: string; item_type: string; original_data: Json; permanent_delete_at?: string; restore_token: string; restored_at?: string; restored_by?: string; }[]'.
services/purchaseOrderService.ts(9,21): error TS2589: Type instantiation is excessively deep and possibly infinite.
services/purchaseOrderService.ts(10,19): error TS2769: No overload matches this call.
  Overload 1 of 2, '(relation: "purchase_history" | "profiles" | "contacts" | "inquiries" | "invoices" | "sales_orders" | "order_slips" | "products" | "sales_inquiries" | "incident_reports" | "notifications" | ... 23 more ... | "updated_contact_details"): PostgrestQueryBuilder<...>', gave the following error.
    Argument of type '"purchase_orders"' is not assignable to parameter of type '"purchase_history" | "profiles" | "contacts" | "inquiries" | "invoices" | "sales_orders" | "order_slips" | "products" | "sales_inquiries" | "incident_reports" | "notifications" | ... 23 more ... | "updated_contact_details"'.
  Overload 2 of 2, '(relation: never): PostgrestQueryBuilder<{ PostgrestVersion: "13.0.5"; }, { Tables: { agent_customer_breakdown: { Row: { active_count: number; agent_id: string; created_at: string; date: string; id: string; inactive_count: number; prospective_count: number; updated_at: string; }; Insert: { ...; }; Update: { ...; }; Relationships: [...]; }; ... 33 more ...; updated_contact_details: { ...; }; }; Views: {}; Functions: { ...; }; Enums: {}; CompositeTypes: {}; }, never, never, never>', gave the following error.
    Argument of type '"purchase_orders"' is not assignable to parameter of type 'never'.
services/purchaseOrderService.ts(37,39): error TS2589: Type instantiation is excessively deep and possibly infinite.
services/purchaseOrderService.ts(38,19): error TS2769: No overload matches this call.
  Overload 1 of 2, '(relation: "purchase_history" | "profiles" | "contacts" | "inquiries" | "invoices" | "sales_orders" | "order_slips" | "products" | "sales_inquiries" | "incident_reports" | "notifications" | ... 23 more ... | "updated_contact_details"): PostgrestQueryBuilder<...>', gave the following error.
    Argument of type '"purchase_orders"' is not assignable to parameter of type '"purchase_history" | "profiles" | "contacts" | "inquiries" | "invoices" | "sales_orders" | "order_slips" | "products" | "sales_inquiries" | "incident_reports" | "notifications" | ... 23 more ... | "updated_contact_details"'.
  Overload 2 of 2, '(relation: never): PostgrestQueryBuilder<{ PostgrestVersion: "13.0.5"; }, { Tables: { agent_customer_breakdown: { Row: { active_count: number; agent_id: string; created_at: string; date: string; id: string; inactive_count: number; prospective_count: number; updated_at: string; }; Insert: { ...; }; Update: { ...; }; Relationships: [...]; }; ... 33 more ...; updated_contact_details: { ...; }; }; Views: {}; Functions: { ...; }; Enums: {}; CompositeTypes: {}; }, never, never, never>', gave the following error.
    Argument of type '"purchase_orders"' is not assignable to parameter of type 'never'.
services/purchaseOrderService.ts(56,19): error TS2769: No overload matches this call.
  Overload 1 of 2, '(relation: "purchase_history" | "profiles" | "contacts" | "inquiries" | "invoices" | "sales_orders" | "order_slips" | "products" | "sales_inquiries" | "incident_reports" | "notifications" | ... 23 more ... | "updated_contact_details"): PostgrestQueryBuilder<...>', gave the following error.
    Argument of type '"purchase_orders"' is not assignable to parameter of type '"purchase_history" | "profiles" | "contacts" | "inquiries" | "invoices" | "sales_orders" | "order_slips" | "products" | "sales_inquiries" | "incident_reports" | "notifications" | ... 23 more ... | "updated_contact_details"'.
  Overload 2 of 2, '(relation: never): PostgrestQueryBuilder<{ PostgrestVersion: "13.0.5"; }, { Tables: { agent_customer_breakdown: { Row: { active_count: number; agent_id: string; created_at: string; date: string; id: string; inactive_count: number; prospective_count: number; updated_at: string; }; Insert: { ...; }; Update: { ...; }; Relationships: [...]; }; ... 33 more ...; updated_contact_details: { ...; }; }; Views: {}; Functions: { ...; }; Enums: {}; CompositeTypes: {}; }, never, never, never>', gave the following error.
    Argument of type '"purchase_orders"' is not assignable to parameter of type 'never'.
services/purchaseOrderService.ts(57,21): error TS2769: No overload matches this call.
  Overload 1 of 2, '(values: { active_count?: number; agent_id: string; created_at?: string; date: string; id?: string; inactive_count?: number; prospective_count?: number; updated_at?: string; } | { agent_id: string; created_at?: string; ... 4 more ...; updated_at?: string; } | ... 32 more ... | { ...; }, options?: { ...; }): PostgrestFilterBuilder<...>', gave the following error.
    Argument of type '{ amount?: number; approved_at?: string; approved_by?: string; created_at?: string; created_by: string; delivery_date?: string; grand_total?: number; id?: string; notes?: string; order_date: string; payment_terms?: string; ... 7 more ...; warehouse_id?: string; }' is not assignable to parameter of type '{ active_count?: number; agent_id: string; created_at?: string; date: string; id?: string; inactive_count?: number; prospective_count?: number; updated_at?: string; } | { agent_id: string; created_at?: string; ... 4 more ...; updated_at?: string; } | ... 32 more ... | { ...; }'.
      Type '{ amount?: number; approved_at?: string; approved_by?: string; created_at?: string; created_by: string; delivery_date?: string; grand_total?: number; id?: string; notes?: string; order_date: string; payment_terms?: string; ... 7 more ...; warehouse_id?: string; }' is missing the following properties from type '{ approved_at?: string; approved_by?: string; contact_id: string; created_at?: string; created_by: string; credit_limit?: number; customer_reference?: string; deleted_at?: string; delivery_address?: string; ... 18 more ...; urgency_date?: string; }': contact_id, order_no, sales_date, sales_person
  Overload 2 of 2, '(values: ({ active_count?: number; agent_id: string; created_at?: string; date: string; id?: string; inactive_count?: number; prospective_count?: number; updated_at?: string; } | { agent_id: string; created_at?: string; ... 4 more ...; updated_at?: string; } | ... 32 more ... | { ...; })[], options?: { ...; }): PostgrestFilterBuilder<...>', gave the following error.
    Argument of type '{ amount?: number; approved_at?: string; approved_by?: string; created_at?: string; created_by: string; delivery_date?: string; grand_total?: number; id?: string; notes?: string; order_date: string; payment_terms?: string; ... 7 more ...; warehouse_id?: string; }' is not assignable to parameter of type '({ active_count?: number; agent_id: string; created_at?: string; date: string; id?: string; inactive_count?: number; prospective_count?: number; updated_at?: string; } | { agent_id: string; created_at?: string; ... 4 more ...; updated_at?: string; } | ... 32 more ... | { ...; })[]'.
      Type '{ amount?: number; approved_at?: string; approved_by?: string; created_at?: string; created_by: string; delivery_date?: string; grand_total?: number; id?: string; notes?: string; order_date: string; payment_terms?: string; ... 7 more ...; warehouse_id?: string; }' is missing the following properties from type '({ active_count?: number; agent_id: string; created_at?: string; date: string; id?: string; inactive_count?: number; prospective_count?: number; updated_at?: string; } | { agent_id: string; created_at?: string; ... 4 more ...; updated_at?: string; } | ... 32 more ... | { ...; })[]': length, pop, push, concat, and 29 more.
services/purchaseOrderService.ts(66,19): error TS2769: No overload matches this call.
  Overload 1 of 2, '(relation: "purchase_history" | "profiles" | "contacts" | "inquiries" | "invoices" | "sales_orders" | "order_slips" | "products" | "sales_inquiries" | "incident_reports" | "notifications" | ... 23 more ... | "updated_contact_details"): PostgrestQueryBuilder<...>', gave the following error.
    Argument of type '"purchase_orders"' is not assignable to parameter of type '"purchase_history" | "profiles" | "contacts" | "inquiries" | "invoices" | "sales_orders" | "order_slips" | "products" | "sales_inquiries" | "incident_reports" | "notifications" | ... 23 more ... | "updated_contact_details"'.
  Overload 2 of 2, '(relation: never): PostgrestQueryBuilder<{ PostgrestVersion: "13.0.5"; }, { Tables: { agent_customer_breakdown: { Row: { active_count: number; agent_id: string; created_at: string; date: string; id: string; inactive_count: number; prospective_count: number; updated_at: string; }; Insert: { ...; }; Update: { ...; }; Relationships: [...]; }; ... 33 more ...; updated_contact_details: { ...; }; }; Views: {}; Functions: { ...; }; Enums: {}; CompositeTypes: {}; }, never, never, never>', gave the following error.
    Argument of type '"purchase_orders"' is not assignable to parameter of type 'never'.
services/purchaseOrderService.ts(77,19): error TS2769: No overload matches this call.
  Overload 1 of 2, '(relation: "purchase_history" | "profiles" | "contacts" | "inquiries" | "invoices" | "sales_orders" | "order_slips" | "products" | "sales_inquiries" | "incident_reports" | "notifications" | ... 23 more ... | "updated_contact_details"): PostgrestQueryBuilder<...>', gave the following error.
    Argument of type '"purchase_orders"' is not assignable to parameter of type '"purchase_history" | "profiles" | "contacts" | "inquiries" | "invoices" | "sales_orders" | "order_slips" | "products" | "sales_inquiries" | "incident_reports" | "notifications" | ... 23 more ... | "updated_contact_details"'.
  Overload 2 of 2, '(relation: never): PostgrestQueryBuilder<{ PostgrestVersion: "13.0.5"; }, { Tables: { agent_customer_breakdown: { Row: { active_count: number; agent_id: string; created_at: string; date: string; id: string; inactive_count: number; prospective_count: number; updated_at: string; }; Insert: { ...; }; Update: { ...; }; Relationships: [...]; }; ... 33 more ...; updated_contact_details: { ...; }; }; Views: {}; Functions: { ...; }; Enums: {}; CompositeTypes: {}; }, never, never, never>', gave the following error.
    Argument of type '"purchase_orders"' is not assignable to parameter of type 'never'.
services/purchaseOrderService.ts(86,39): error TS2589: Type instantiation is excessively deep and possibly infinite.
services/purchaseOrderService.ts(87,19): error TS2769: No overload matches this call.
  Overload 1 of 2, '(relation: "purchase_history" | "profiles" | "contacts" | "inquiries" | "invoices" | "sales_orders" | "order_slips" | "products" | "sales_inquiries" | "incident_reports" | "notifications" | ... 23 more ... | "updated_contact_details"): PostgrestQueryBuilder<...>', gave the following error.
    Argument of type '"purchase_order_items"' is not assignable to parameter of type '"purchase_history" | "profiles" | "contacts" | "inquiries" | "invoices" | "sales_orders" | "order_slips" | "products" | "sales_inquiries" | "incident_reports" | "notifications" | ... 23 more ... | "updated_contact_details"'.
  Overload 2 of 2, '(relation: never): PostgrestQueryBuilder<{ PostgrestVersion: "13.0.5"; }, { Tables: { agent_customer_breakdown: { Row: { active_count: number; agent_id: string; created_at: string; date: string; id: string; inactive_count: number; prospective_count: number; updated_at: string; }; Insert: { ...; }; Update: { ...; }; Relationships: [...]; }; ... 33 more ...; updated_contact_details: { ...; }; }; Views: {}; Functions: { ...; }; Enums: {}; CompositeTypes: {}; }, never, never, never>', gave the following error.
    Argument of type '"purchase_order_items"' is not assignable to parameter of type 'never'.
services/purchaseOrderService.ts(96,19): error TS2769: No overload matches this call.
  Overload 1 of 2, '(relation: "purchase_history" | "profiles" | "contacts" | "inquiries" | "invoices" | "sales_orders" | "order_slips" | "products" | "sales_inquiries" | "incident_reports" | "notifications" | ... 23 more ... | "updated_contact_details"): PostgrestQueryBuilder<...>', gave the following error.
    Argument of type '"purchase_order_items"' is not assignable to parameter of type '"purchase_history" | "profiles" | "contacts" | "inquiries" | "invoices" | "sales_orders" | "order_slips" | "products" | "sales_inquiries" | "incident_reports" | "notifications" | ... 23 more ... | "updated_contact_details"'.
  Overload 2 of 2, '(relation: never): PostgrestQueryBuilder<{ PostgrestVersion: "13.0.5"; }, { Tables: { agent_customer_breakdown: { Row: { active_count: number; agent_id: string; created_at: string; date: string; id: string; inactive_count: number; prospective_count: number; updated_at: string; }; Insert: { ...; }; Update: { ...; }; Relationships: [...]; }; ... 33 more ...; updated_contact_details: { ...; }; }; Views: {}; Functions: { ...; }; Enums: {}; CompositeTypes: {}; }, never, never, never>', gave the following error.
    Argument of type '"purchase_order_items"' is not assignable to parameter of type 'never'.
services/purchaseOrderService.ts(97,21): error TS2769: No overload matches this call.
  Overload 1 of 2, '(values: { active_count?: number; agent_id: string; created_at?: string; date: string; id?: string; inactive_count?: number; prospective_count?: number; updated_at?: string; } | { agent_id: string; created_at?: string; ... 4 more ...; updated_at?: string; } | ... 32 more ... | { ...; }, options?: { ...; }): PostgrestFilterBuilder<...>', gave the following error.
    Argument of type '{ amount?: number; created_at?: string; eta_date?: string; id?: string; item_id: string; notes?: string; po_id: string; qty?: number; quantity_received?: number; unit_price?: number; }' is not assignable to parameter of type '{ active_count?: number; agent_id: string; created_at?: string; date: string; id?: string; inactive_count?: number; prospective_count?: number; updated_at?: string; } | { agent_id: string; created_at?: string; ... 4 more ...; updated_at?: string; } | ... 32 more ... | { ...; }'.
      Property 'order_id' is missing in type '{ amount?: number; created_at?: string; eta_date?: string; id?: string; item_id: string; notes?: string; po_id: string; qty?: number; quantity_received?: number; unit_price?: number; }' but required in type '{ amount?: number; approval_status?: string; created_at?: string; description?: string; id?: string; item_code?: string; location?: string; order_id: string; part_no?: string; qty?: number; remark?: string; unit_price?: number; updated_at?: string; }'.
  Overload 2 of 2, '(values: ({ active_count?: number; agent_id: string; created_at?: string; date: string; id?: string; inactive_count?: number; prospective_count?: number; updated_at?: string; } | { agent_id: string; created_at?: string; ... 4 more ...; updated_at?: string; } | ... 32 more ... | { ...; })[], options?: { ...; }): PostgrestFilterBuilder<...>', gave the following error.
    Argument of type '{ amount?: number; created_at?: string; eta_date?: string; id?: string; item_id: string; notes?: string; po_id: string; qty?: number; quantity_received?: number; unit_price?: number; }' is not assignable to parameter of type '({ active_count?: number; agent_id: string; created_at?: string; date: string; id?: string; inactive_count?: number; prospective_count?: number; updated_at?: string; } | { agent_id: string; created_at?: string; ... 4 more ...; updated_at?: string; } | ... 32 more ... | { ...; })[]'.
      Type '{ amount?: number; created_at?: string; eta_date?: string; id?: string; item_id: string; notes?: string; po_id: string; qty?: number; quantity_received?: number; unit_price?: number; }' is missing the following properties from type '({ active_count?: number; agent_id: string; created_at?: string; date: string; id?: string; inactive_count?: number; prospective_count?: number; updated_at?: string; } | { agent_id: string; created_at?: string; ... 4 more ...; updated_at?: string; } | ... 32 more ... | { ...; })[]': length, pop, push, concat, and 29 more.
services/purchaseOrderService.ts(106,19): error TS2769: No overload matches this call.
  Overload 1 of 2, '(relation: "purchase_history" | "profiles" | "contacts" | "inquiries" | "invoices" | "sales_orders" | "order_slips" | "products" | "sales_inquiries" | "incident_reports" | "notifications" | ... 23 more ... | "updated_contact_details"): PostgrestQueryBuilder<...>', gave the following error.
    Argument of type '"purchase_order_items"' is not assignable to parameter of type '"purchase_history" | "profiles" | "contacts" | "inquiries" | "invoices" | "sales_orders" | "order_slips" | "products" | "sales_inquiries" | "incident_reports" | "notifications" | ... 23 more ... | "updated_contact_details"'.
  Overload 2 of 2, '(relation: never): PostgrestQueryBuilder<{ PostgrestVersion: "13.0.5"; }, { Tables: { agent_customer_breakdown: { Row: { active_count: number; agent_id: string; created_at: string; date: string; id: string; inactive_count: number; prospective_count: number; updated_at: string; }; Insert: { ...; }; Update: { ...; }; Relationships: [...]; }; ... 33 more ...; updated_contact_details: { ...; }; }; Views: {}; Functions: { ...; }; Enums: {}; CompositeTypes: {}; }, never, never, never>', gave the following error.
    Argument of type '"purchase_order_items"' is not assignable to parameter of type 'never'.
services/purchaseOrderService.ts(117,19): error TS2769: No overload matches this call.
  Overload 1 of 2, '(relation: "purchase_history" | "profiles" | "contacts" | "inquiries" | "invoices" | "sales_orders" | "order_slips" | "products" | "sales_inquiries" | "incident_reports" | "notifications" | ... 23 more ... | "updated_contact_details"): PostgrestQueryBuilder<...>', gave the following error.
    Argument of type '"purchase_order_items"' is not assignable to parameter of type '"purchase_history" | "profiles" | "contacts" | "inquiries" | "invoices" | "sales_orders" | "order_slips" | "products" | "sales_inquiries" | "incident_reports" | "notifications" | ... 23 more ... | "updated_contact_details"'.
  Overload 2 of 2, '(relation: never): PostgrestQueryBuilder<{ PostgrestVersion: "13.0.5"; }, { Tables: { agent_customer_breakdown: { Row: { active_count: number; agent_id: string; created_at: string; date: string; id: string; inactive_count: number; prospective_count: number; updated_at: string; }; Insert: { ...; }; Update: { ...; }; Relationships: [...]; }; ... 33 more ...; updated_contact_details: { ...; }; }; Views: {}; Functions: { ...; }; Enums: {}; CompositeTypes: {}; }, never, never, never>', gave the following error.
    Argument of type '"purchase_order_items"' is not assignable to parameter of type 'never'.
services/purchaseOrderService.ts(156,19): error TS2769: No overload matches this call.
  Overload 1 of 2, '(relation: "purchase_history" | "profiles" | "contacts" | "inquiries" | "invoices" | "sales_orders" | "order_slips" | "products" | "sales_inquiries" | "incident_reports" | "notifications" | ... 23 more ... | "updated_contact_details"): PostgrestQueryBuilder<...>', gave the following error.
    Argument of type '"purchase_orders"' is not assignable to parameter of type '"purchase_history" | "profiles" | "contacts" | "inquiries" | "invoices" | "sales_orders" | "order_slips" | "products" | "sales_inquiries" | "incident_reports" | "notifications" | ... 23 more ... | "updated_contact_details"'.
  Overload 2 of 2, '(relation: never): PostgrestQueryBuilder<{ PostgrestVersion: "13.0.5"; }, { Tables: { agent_customer_breakdown: { Row: { active_count: number; agent_id: string; created_at: string; date: string; id: string; inactive_count: number; prospective_count: number; updated_at: string; }; Insert: { ...; }; Update: { ...; }; Relationships: [...]; }; ... 33 more ...; updated_contact_details: { ...; }; }; Views: {}; Functions: { ...; }; Enums: {}; CompositeTypes: {}; }, never, never, never>', gave the following error.
    Argument of type '"purchase_orders"' is not assignable to parameter of type 'never'.
services/recycleBinService.ts(29,5): error TS2322: Type '{ deleted_at: string; deleted_by: string; expires_at: string; id: string; is_restored: boolean; item_id: string; item_type: string; original_data: Json; permanent_delete_at: string; restore_token: string; restored_at: string; restored_by: string; }[]' is not assignable to type 'RecycleBinItem[]'.
  Type '{ deleted_at: string; deleted_by: string; expires_at: string; id: string; is_restored: boolean; item_id: string; item_type: string; original_data: Json; permanent_delete_at: string; restore_token: string; restored_at: string; restored_by: string; }' is not assignable to type 'RecycleBinItem'.
    Types of property 'item_type' are incompatible.
      Type 'string' is not assignable to type 'RecycleBinItemType'.
services/recycleBinService.ts(62,5): error TS2322: Type '{ deleted_at: string; deleted_by: string; expires_at: string; id: string; is_restored: boolean; item_id: string; item_type: string; original_data: Json; permanent_delete_at: string; restore_token: string; restored_at: string; restored_by: string; }[]' is not assignable to type 'RecycleBinItem[]'.
  Type '{ deleted_at: string; deleted_by: string; expires_at: string; id: string; is_restored: boolean; item_id: string; item_type: string; original_data: Json; permanent_delete_at: string; restore_token: string; restored_at: string; restored_by: string; }' is not assignable to type 'RecycleBinItem'.
    Types of property 'item_type' are incompatible.
      Type 'string' is not assignable to type 'RecycleBinItemType'.
services/stockAdjustmentService.ts(18,11): error TS2769: No overload matches this call.
  Overload 1 of 2, '(relation: "purchase_history" | "profiles" | "contacts" | "inquiries" | "invoices" | "sales_orders" | "order_slips" | "products" | "sales_inquiries" | "incident_reports" | "notifications" | ... 23 more ... | "updated_contact_details"): PostgrestQueryBuilder<...>', gave the following error.
    Argument of type '"stock_adjustments"' is not assignable to parameter of type '"purchase_history" | "profiles" | "contacts" | "inquiries" | "invoices" | "sales_orders" | "order_slips" | "products" | "sales_inquiries" | "incident_reports" | "notifications" | ... 23 more ... | "updated_contact_details"'.
  Overload 2 of 2, '(relation: never): PostgrestQueryBuilder<{ PostgrestVersion: "13.0.5"; }, { Tables: { agent_customer_breakdown: { Row: { active_count: number; agent_id: string; created_at: string; date: string; id: string; inactive_count: number; prospective_count: number; updated_at: string; }; Insert: { ...; }; Update: { ...; }; Relationships: [...]; }; ... 33 more ...; updated_contact_details: { ...; }; }; Views: {}; Functions: { ...; }; Enums: {}; CompositeTypes: {}; }, never, never, never>', gave the following error.
    Argument of type '"stock_adjustments"' is not assignable to parameter of type 'never'.
services/stockAdjustmentService.ts(20,7): error TS2769: No overload matches this call.
  Overload 1 of 2, '(values: { active_count?: number; agent_id: string; created_at?: string; date: string; id?: string; inactive_count?: number; prospective_count?: number; updated_at?: string; } | { agent_id: string; created_at?: string; ... 4 more ...; updated_at?: string; } | ... 32 more ... | { ...; }, options?: { ...; }): PostgrestFilterBuilder<...>', gave the following error.
    Object literal may only specify known properties, and 'adjustment_no' does not exist in type '{ active_count?: number; agent_id: string; created_at?: string; date: string; id?: string; inactive_count?: number; prospective_count?: number; updated_at?: string; } | { agent_id: string; created_at?: string; ... 4 more ...; updated_at?: string; } | ... 32 more ... | { ...; }'.
  Overload 2 of 2, '(values: ({ active_count?: number; agent_id: string; created_at?: string; date: string; id?: string; inactive_count?: number; prospective_count?: number; updated_at?: string; } | { agent_id: string; created_at?: string; ... 4 more ...; updated_at?: string; } | ... 32 more ... | { ...; })[], options?: { ...; }): PostgrestFilterBuilder<...>', gave the following error.
    Object literal may only specify known properties, and 'adjustment_no' does not exist in type '({ active_count?: number; agent_id: string; created_at?: string; date: string; id?: string; inactive_count?: number; prospective_count?: number; updated_at?: string; } | { agent_id: string; created_at?: string; ... 4 more ...; updated_at?: string; } | ... 32 more ... | { ...; })[]'.
services/stockAdjustmentService.ts(48,11): error TS2769: No overload matches this call.
  Overload 1 of 2, '(relation: "purchase_history" | "profiles" | "contacts" | "inquiries" | "invoices" | "sales_orders" | "order_slips" | "products" | "sales_inquiries" | "incident_reports" | "notifications" | ... 23 more ... | "updated_contact_details"): PostgrestQueryBuilder<...>', gave the following error.
    Argument of type '"stock_adjustment_items"' is not assignable to parameter of type '"purchase_history" | "profiles" | "contacts" | "inquiries" | "invoices" | "sales_orders" | "order_slips" | "products" | "sales_inquiries" | "incident_reports" | "notifications" | ... 23 more ... | "updated_contact_details"'.
  Overload 2 of 2, '(relation: never): PostgrestQueryBuilder<{ PostgrestVersion: "13.0.5"; }, { Tables: { agent_customer_breakdown: { Row: { active_count: number; agent_id: string; created_at: string; date: string; id: string; inactive_count: number; prospective_count: number; updated_at: string; }; Insert: { ...; }; Update: { ...; }; Relationships: [...]; }; ... 33 more ...; updated_contact_details: { ...; }; }; Views: {}; Functions: { ...; }; Enums: {}; CompositeTypes: {}; }, never, never, never>', gave the following error.
    Argument of type '"stock_adjustment_items"' is not assignable to parameter of type 'never'.
services/stockAdjustmentService.ts(49,13): error TS2769: No overload matches this call.
  Overload 1 of 2, '(values: { active_count?: number; agent_id: string; created_at?: string; date: string; id?: string; inactive_count?: number; prospective_count?: number; updated_at?: string; } | { agent_id: string; created_at?: string; ... 4 more ...; updated_at?: string; } | ... 32 more ... | { ...; }, options?: { ...; }): PostgrestFilterBuilder<...>', gave the following error.
    Argument of type '{ adjustment_id: string | number; item_id: string; system_qty: number; physical_qty: number; difference: number; reason: string; }[]' is not assignable to parameter of type '{ active_count?: number; agent_id: string; created_at?: string; date: string; id?: string; inactive_count?: number; prospective_count?: number; updated_at?: string; } | { agent_id: string; created_at?: string; ... 4 more ...; updated_at?: string; } | ... 32 more ... | { ...; }'.
  Overload 2 of 2, '(values: ({ active_count?: number; agent_id: string; created_at?: string; date: string; id?: string; inactive_count?: number; prospective_count?: number; updated_at?: string; } | { agent_id: string; created_at?: string; ... 4 more ...; updated_at?: string; } | ... 32 more ... | { ...; })[], options?: { ...; }): PostgrestFilterBuilder<...>', gave the following error.
    Argument of type '{ adjustment_id: string | number; item_id: string; system_qty: number; physical_qty: number; difference: number; reason: string; }[]' is not assignable to parameter of type '({ active_count?: number; agent_id: string; created_at?: string; date: string; id?: string; inactive_count?: number; prospective_count?: number; updated_at?: string; } | { agent_id: string; created_at?: string; ... 4 more ...; updated_at?: string; } | ... 32 more ... | { ...; })[]'.
      Type '{ adjustment_id: string | number; item_id: string; system_qty: number; physical_qty: number; difference: number; reason: string; }' is not assignable to type '{ active_count?: number; agent_id: string; created_at?: string; date: string; id?: string; inactive_count?: number; prospective_count?: number; updated_at?: string; } | { agent_id: string; created_at?: string; ... 4 more ...; updated_at?: string; } | ... 32 more ... | { ...; }'.
        Type '{ adjustment_id: string | number; item_id: string; system_qty: number; physical_qty: number; difference: number; reason: string; }' is missing the following properties from type '{ contact_id: string; created_at?: string; currency?: string; id?: string; incident_report_id: string; notes?: string; processed_by?: string; processed_date?: string; products?: Json; reason: string; return_date: string; status?: string; total_refund: number; updated_at?: string; }': contact_id, incident_report_id, return_date, total_refund
services/stockAdjustmentService.ts(54,25): error TS2769: No overload matches this call.
  Overload 1 of 2, '(relation: "purchase_history" | "profiles" | "contacts" | "inquiries" | "invoices" | "sales_orders" | "order_slips" | "products" | "sales_inquiries" | "incident_reports" | "notifications" | ... 23 more ... | "updated_contact_details"): PostgrestQueryBuilder<...>', gave the following error.
    Argument of type '"stock_adjustments"' is not assignable to parameter of type '"purchase_history" | "profiles" | "contacts" | "inquiries" | "invoices" | "sales_orders" | "order_slips" | "products" | "sales_inquiries" | "incident_reports" | "notifications" | ... 23 more ... | "updated_contact_details"'.
  Overload 2 of 2, '(relation: never): PostgrestQueryBuilder<{ PostgrestVersion: "13.0.5"; }, { Tables: { agent_customer_breakdown: { Row: { active_count: number; agent_id: string; created_at: string; date: string; id: string; inactive_count: number; prospective_count: number; updated_at: string; }; Insert: { ...; }; Update: { ...; }; Relationships: [...]; }; ... 33 more ...; updated_contact_details: { ...; }; }; Views: {}; Functions: { ...; }; Enums: {}; CompositeTypes: {}; }, never, never, never>', gave the following error.
    Argument of type '"stock_adjustments"' is not assignable to parameter of type 'never'.
services/stockAdjustmentService.ts(59,35): error TS2345: Argument of type 'string | number' is not assignable to parameter of type 'string'.
  Type 'number' is not assignable to type 'string'.
services/stockAdjustmentService.ts(67,11): error TS2769: No overload matches this call.
  Overload 1 of 2, '(relation: "purchase_history" | "profiles" | "contacts" | "inquiries" | "invoices" | "sales_orders" | "order_slips" | "products" | "sales_inquiries" | "incident_reports" | "notifications" | ... 23 more ... | "updated_contact_details"): PostgrestQueryBuilder<...>', gave the following error.
    Argument of type '"stock_adjustments"' is not assignable to parameter of type '"purchase_history" | "profiles" | "contacts" | "inquiries" | "invoices" | "sales_orders" | "order_slips" | "products" | "sales_inquiries" | "incident_reports" | "notifications" | ... 23 more ... | "updated_contact_details"'.
  Overload 2 of 2, '(relation: never): PostgrestQueryBuilder<{ PostgrestVersion: "13.0.5"; }, { Tables: { agent_customer_breakdown: { Row: { active_count: number; agent_id: string; created_at: string; date: string; id: string; inactive_count: number; prospective_count: number; updated_at: string; }; Insert: { ...; }; Update: { ...; }; Relationships: [...]; }; ... 33 more ...; updated_contact_details: { ...; }; }; Views: {}; Functions: { ...; }; Enums: {}; CompositeTypes: {}; }, never, never, never>', gave the following error.
    Argument of type '"stock_adjustments"' is not assignable to parameter of type 'never'.
services/stockAdjustmentService.ts(81,10): error TS2352: Conversion of type '{ active_count: number; agent_id: string; created_at: string; date: string; id: string; inactive_count: number; prospective_count: number; updated_at: string; stock_adjustment_items: SelectQueryError<"could not find the relation between purchase_history and stock_adjustment_items">; } | ... 1223 more ... | { ...; }' to type 'StockAdjustment' may be a mistake because neither type sufficiently overlaps with the other. If this was intentional, convert the expression to 'unknown' first.
  Type '{ approval_date: string; approval_status: string; approved_by: string; changed_fields: Json; contact_id: string; created_at: string; id: string; notes: string; submitted_by: string; submitted_date: string; updated_at: string; stock_adjustment_items: SelectQueryError<...>; }' is missing the following properties from type 'StockAdjustment': adjustment_no, adjustment_date, warehouse_id, adjustment_type, status
services/stockAdjustmentService.ts(109,11): error TS2769: No overload matches this call.
  Overload 1 of 2, '(relation: "purchase_history" | "profiles" | "contacts" | "inquiries" | "invoices" | "sales_orders" | "order_slips" | "products" | "sales_inquiries" | "incident_reports" | "notifications" | ... 23 more ... | "updated_contact_details"): PostgrestQueryBuilder<...>', gave the following error.
    Argument of type '"stock_adjustments"' is not assignable to parameter of type '"purchase_history" | "profiles" | "contacts" | "inquiries" | "invoices" | "sales_orders" | "order_slips" | "products" | "sales_inquiries" | "incident_reports" | "notifications" | ... 23 more ... | "updated_contact_details"'.
  Overload 2 of 2, '(relation: never): PostgrestQueryBuilder<{ PostgrestVersion: "13.0.5"; }, { Tables: { agent_customer_breakdown: { Row: { active_count: number; agent_id: string; created_at: string; date: string; id: string; inactive_count: number; prospective_count: number; updated_at: string; }; Insert: { ...; }; Update: { ...; }; Relationships: [...]; }; ... 33 more ...; updated_contact_details: { ...; }; }; Views: {}; Functions: { ...; }; Enums: {}; CompositeTypes: {}; }, never, never, never>', gave the following error.
    Argument of type '"stock_adjustments"' is not assignable to parameter of type 'never'.
services/stockAdjustmentService.ts(144,11): error TS2769: No overload matches this call.
  Overload 1 of 2, '(relation: "purchase_history" | "profiles" | "contacts" | "inquiries" | "invoices" | "sales_orders" | "order_slips" | "products" | "sales_inquiries" | "incident_reports" | "notifications" | ... 23 more ... | "updated_contact_details"): PostgrestQueryBuilder<...>', gave the following error.
    Argument of type '"stock_adjustments"' is not assignable to parameter of type '"purchase_history" | "profiles" | "contacts" | "inquiries" | "invoices" | "sales_orders" | "order_slips" | "products" | "sales_inquiries" | "incident_reports" | "notifications" | ... 23 more ... | "updated_contact_details"'.
  Overload 2 of 2, '(relation: never): PostgrestQueryBuilder<{ PostgrestVersion: "13.0.5"; }, { Tables: { agent_customer_breakdown: { Row: { active_count: number; agent_id: string; created_at: string; date: string; id: string; inactive_count: number; prospective_count: number; updated_at: string; }; Insert: { ...; }; Update: { ...; }; Relationships: [...]; }; ... 33 more ...; updated_contact_details: { ...; }; }; Views: {}; Functions: { ...; }; Enums: {}; CompositeTypes: {}; }, never, never, never>', gave the following error.
    Argument of type '"stock_adjustments"' is not assignable to parameter of type 'never'.
services/stockAdjustmentService.ts(153,13): error TS2589: Type instantiation is excessively deep and possibly infinite.
services/stockAdjustmentService.ts(163,3): error TS2322: Type '({ active_count: number; agent_id: string; created_at: string; date: string; id: string; inactive_count: number; prospective_count: number; updated_at: string; stock_adjustment_items: SelectQueryError<"could not find the relation between purchase_history and stock_adjustment_items">; } | ... 1223 more ... | { ...; }...' is not assignable to type 'StockAdjustment[]'.
  Type '{ active_count: number; agent_id: string; created_at: string; date: string; id: string; inactive_count: number; prospective_count: number; updated_at: string; stock_adjustment_items: SelectQueryError<"could not find the relation between purchase_history and stock_adjustment_items">; } | ... 1223 more ... | { ...; }' is not assignable to type 'StockAdjustment'.
    Type '{ active_count: number; agent_id: string; created_at: string; date: string; id: string; inactive_count: number; prospective_count: number; updated_at: string; stock_adjustment_items: SelectQueryError<"could not find the relation between purchase_history and stock_adjustment_items">; }' is missing the following properties from type 'StockAdjustment': adjustment_no, adjustment_date, warehouse_id, adjustment_type, status
services/supabaseService.ts(172,17): error TS2353: Object literal may only specify known properties, and 'is_deleted' does not exist in type '{ avatar?: string; company?: string; contactName?: string; created_at?: string; currency?: string; daysInStage?: number; id?: string; isOverdue?: boolean; isWarning?: boolean; ownerName?: string; stageId?: string; title?: string; updated_at?: string; value?: number; }'.
services/supabaseService.ts(196,17): error TS2353: Object literal may only specify known properties, and 'is_deleted' does not exist in type '{ avatar?: string; company?: string; contactName?: string; created_at?: string; currency?: string; daysInStage?: number; id?: string; isOverdue?: boolean; isWarning?: boolean; ownerName?: string; stageId?: string; title?: string; updated_at?: string; value?: number; }'.
services/transferStockService.ts(8,46): error TS2345: Argument of type '"generate_transfer_no"' is not assignable to parameter of type '"calculate_expiration_time" | "calculate_permanent_delete_time" | "generate_restore_token" | "get_unread_count" | "jsonb_to_text_array" | "mark_notification_as_read"'.
services/transferStockService.ts(31,11): error TS2769: No overload matches this call.
  Overload 1 of 2, '(relation: "purchase_history" | "profiles" | "contacts" | "inquiries" | "invoices" | "sales_orders" | "order_slips" | "products" | "sales_inquiries" | "incident_reports" | "notifications" | ... 23 more ... | "updated_contact_details"): PostgrestQueryBuilder<...>', gave the following error.
    Argument of type '"branch_inventory_transfers"' is not assignable to parameter of type '"purchase_history" | "profiles" | "contacts" | "inquiries" | "invoices" | "sales_orders" | "order_slips" | "products" | "sales_inquiries" | "incident_reports" | "notifications" | ... 23 more ... | "updated_contact_details"'.
  Overload 2 of 2, '(relation: never): PostgrestQueryBuilder<{ PostgrestVersion: "13.0.5"; }, { Tables: { agent_customer_breakdown: { Row: { active_count: number; agent_id: string; created_at: string; date: string; id: string; inactive_count: number; prospective_count: number; updated_at: string; }; Insert: { ...; }; Update: { ...; }; Relationships: [...]; }; ... 33 more ...; updated_contact_details: { ...; }; }; Views: {}; Functions: { ...; }; Enums: {}; CompositeTypes: {}; }, never, never, never>', gave the following error.
    Argument of type '"branch_inventory_transfers"' is not assignable to parameter of type 'never'.
services/transferStockService.ts(33,7): error TS2769: No overload matches this call.
  Overload 1 of 2, '(values: { active_count?: number; agent_id: string; created_at?: string; date: string; id?: string; inactive_count?: number; prospective_count?: number; updated_at?: string; } | { agent_id: string; created_at?: string; ... 4 more ...; updated_at?: string; } | ... 32 more ... | { ...; }, options?: { ...; }): PostgrestFilterBuilder<...>', gave the following error.
    Object literal may only specify known properties, and 'transfer_no' does not exist in type '{ active_count?: number; agent_id: string; created_at?: string; date: string; id?: string; inactive_count?: number; prospective_count?: number; updated_at?: string; } | { agent_id: string; created_at?: string; ... 4 more ...; updated_at?: string; } | ... 32 more ... | { ...; }'.
  Overload 2 of 2, '(values: ({ active_count?: number; agent_id: string; created_at?: string; date: string; id?: string; inactive_count?: number; prospective_count?: number; updated_at?: string; } | { agent_id: string; created_at?: string; ... 4 more ...; updated_at?: string; } | ... 32 more ... | { ...; })[], options?: { ...; }): PostgrestFilterBuilder<...>', gave the following error.
    Object literal may only specify known properties, and 'transfer_no' does not exist in type '({ active_count?: number; agent_id: string; created_at?: string; date: string; id?: string; inactive_count?: number; prospective_count?: number; updated_at?: string; } | { agent_id: string; created_at?: string; ... 4 more ...; updated_at?: string; } | ... 32 more ... | { ...; })[]'.
services/transferStockService.ts(59,11): error TS2769: No overload matches this call.
  Overload 1 of 2, '(relation: "purchase_history" | "profiles" | "contacts" | "inquiries" | "invoices" | "sales_orders" | "order_slips" | "products" | "sales_inquiries" | "incident_reports" | "notifications" | ... 23 more ... | "updated_contact_details"): PostgrestQueryBuilder<...>', gave the following error.
    Argument of type '"branch_inventory_transfer_items"' is not assignable to parameter of type '"purchase_history" | "profiles" | "contacts" | "inquiries" | "invoices" | "sales_orders" | "order_slips" | "products" | "sales_inquiries" | "incident_reports" | "notifications" | ... 23 more ... | "updated_contact_details"'.
  Overload 2 of 2, '(relation: never): PostgrestQueryBuilder<{ PostgrestVersion: "13.0.5"; }, { Tables: { agent_customer_breakdown: { Row: { active_count: number; agent_id: string; created_at: string; date: string; id: string; inactive_count: number; prospective_count: number; updated_at: string; }; Insert: { ...; }; Update: { ...; }; Relationships: [...]; }; ... 33 more ...; updated_contact_details: { ...; }; }; Views: {}; Functions: { ...; }; Enums: {}; CompositeTypes: {}; }, never, never, never>', gave the following error.
    Argument of type '"branch_inventory_transfer_items"' is not assignable to parameter of type 'never'.
services/transferStockService.ts(60,13): error TS2769: No overload matches this call.
  Overload 1 of 2, '(values: { active_count?: number; agent_id: string; created_at?: string; date: string; id?: string; inactive_count?: number; prospective_count?: number; updated_at?: string; } | { agent_id: string; created_at?: string; ... 4 more ...; updated_at?: string; } | ... 32 more ... | { ...; }, options?: { ...; }): PostgrestFilterBuilder<...>', gave the following error.
    Argument of type '{ transfer_id: string | number; item_id: string; from_warehouse_id: string; to_warehouse_id: string; transfer_qty: number; notes: string; }[]' is not assignable to parameter of type '{ active_count?: number; agent_id: string; created_at?: string; date: string; id?: string; inactive_count?: number; prospective_count?: number; updated_at?: string; } | { agent_id: string; created_at?: string; ... 4 more ...; updated_at?: string; } | ... 32 more ... | { ...; }'.
  Overload 2 of 2, '(values: ({ active_count?: number; agent_id: string; created_at?: string; date: string; id?: string; inactive_count?: number; prospective_count?: number; updated_at?: string; } | { agent_id: string; created_at?: string; ... 4 more ...; updated_at?: string; } | ... 32 more ... | { ...; })[], options?: { ...; }): PostgrestFilterBuilder<...>', gave the following error.
    Argument of type '{ transfer_id: string | number; item_id: string; from_warehouse_id: string; to_warehouse_id: string; transfer_qty: number; notes: string; }[]' is not assignable to parameter of type '({ active_count?: number; agent_id: string; created_at?: string; date: string; id?: string; inactive_count?: number; prospective_count?: number; updated_at?: string; } | { agent_id: string; created_at?: string; ... 4 more ...; updated_at?: string; } | ... 32 more ... | { ...; })[]'.
      Type '{ transfer_id: string | number; item_id: string; from_warehouse_id: string; to_warehouse_id: string; transfer_qty: number; notes: string; }' is not assignable to type '{ active_count?: number; agent_id: string; created_at?: string; date: string; id?: string; inactive_count?: number; prospective_count?: number; updated_at?: string; } | { agent_id: string; created_at?: string; ... 4 more ...; updated_at?: string; } | ... 32 more ... | { ...; }'.
        Type '{ transfer_id: string | number; item_id: string; from_warehouse_id: string; to_warehouse_id: string; transfer_qty: number; notes: string; }' is missing the following properties from type '{ approval_date?: string; approval_status?: string; approved_by?: string; changed_fields: Json; contact_id: string; created_at?: string; id?: string; notes?: string; submitted_by: string; submitted_date?: string; updated_at?: string; }': changed_fields, contact_id, submitted_by
services/transferStockService.ts(65,25): error TS2769: No overload matches this call.
  Overload 1 of 2, '(relation: "purchase_history" | "profiles" | "contacts" | "inquiries" | "invoices" | "sales_orders" | "order_slips" | "products" | "sales_inquiries" | "incident_reports" | "notifications" | ... 23 more ... | "updated_contact_details"): PostgrestQueryBuilder<...>', gave the following error.
    Argument of type '"branch_inventory_transfers"' is not assignable to parameter of type '"purchase_history" | "profiles" | "contacts" | "inquiries" | "invoices" | "sales_orders" | "order_slips" | "products" | "sales_inquiries" | "incident_reports" | "notifications" | ... 23 more ... | "updated_contact_details"'.
  Overload 2 of 2, '(relation: never): PostgrestQueryBuilder<{ PostgrestVersion: "13.0.5"; }, { Tables: { agent_customer_breakdown: { Row: { active_count: number; agent_id: string; created_at: string; date: string; id: string; inactive_count: number; prospective_count: number; updated_at: string; }; Insert: { ...; }; Update: { ...; }; Relationships: [...]; }; ... 33 more ...; updated_contact_details: { ...; }; }; Views: {}; Functions: { ...; }; Enums: {}; CompositeTypes: {}; }, never, never, never>', gave the following error.
    Argument of type '"branch_inventory_transfers"' is not assignable to parameter of type 'never'.
services/transferStockService.ts(70,33): error TS2345: Argument of type 'string | number' is not assignable to parameter of type 'string'.
  Type 'number' is not assignable to type 'string'.
services/transferStockService.ts(77,33): error TS2589: Type instantiation is excessively deep and possibly infinite.
services/transferStockService.ts(78,11): error TS2769: No overload matches this call.
  Overload 1 of 2, '(relation: "purchase_history" | "profiles" | "contacts" | "inquiries" | "invoices" | "sales_orders" | "order_slips" | "products" | "sales_inquiries" | "incident_reports" | "notifications" | ... 23 more ... | "updated_contact_details"): PostgrestQueryBuilder<...>', gave the following error.
    Argument of type '"branch_inventory_transfers"' is not assignable to parameter of type '"purchase_history" | "profiles" | "contacts" | "inquiries" | "invoices" | "sales_orders" | "order_slips" | "products" | "sales_inquiries" | "incident_reports" | "notifications" | ... 23 more ... | "updated_contact_details"'.
  Overload 2 of 2, '(relation: never): PostgrestQueryBuilder<{ PostgrestVersion: "13.0.5"; }, { Tables: { agent_customer_breakdown: { Row: { active_count: number; agent_id: string; created_at: string; date: string; id: string; inactive_count: number; prospective_count: number; updated_at: string; }; Insert: { ...; }; Update: { ...; }; Relationships: [...]; }; ... 33 more ...; updated_contact_details: { ...; }; }; Views: {}; Functions: { ...; }; Enums: {}; CompositeTypes: {}; }, never, never, never>', gave the following error.
    Argument of type '"branch_inventory_transfers"' is not assignable to parameter of type 'never'.
services/transferStockService.ts(95,12): error TS2352: Conversion of type 'SelectQueryError<"could not find the relation between purchase_history and branch_inventory_transfer_items"> | SelectQueryError<"could not find the relation between profiles and branch_inventory_transfer_items"> | ... 32 more ... | SelectQueryError<...>' to type 'TransferStockItem[]' may be a mistake because neither type sufficiently overlaps with the other. If this was intentional, convert the expression to 'unknown' first.
  Type '{ error: true; } & String' is missing the following properties from type 'TransferStockItem[]': pop, push, join, reverse, and 21 more.
services/transferStockService.ts(98,10): error TS2352: Conversion of type '{ items: TransferStockItem[]; active_count: number; agent_id: string; created_at: string; date: string; id: string; inactive_count: number; prospective_count: number; updated_at: string; branch_inventory_transfer_items: SelectQueryError<...>; } | ... 1223 more ... | { ...; }' to type 'TransferStock' may be a mistake because neither type sufficiently overlaps with the other. If this was intentional, convert the expression to 'unknown' first.
  Type '{ items: TransferStockItem[]; approval_date: string; approval_status: string; approved_by: string; changed_fields: Json; contact_id: string; created_at: string; ... 5 more ...; branch_inventory_transfer_items: SelectQueryError<...>; }' is missing the following properties from type 'TransferStock': transfer_no, transfer_date, status, is_deleted
services/transferStockService.ts(110,11): error TS2769: No overload matches this call.
  Overload 1 of 2, '(relation: "purchase_history" | "profiles" | "contacts" | "inquiries" | "invoices" | "sales_orders" | "order_slips" | "products" | "sales_inquiries" | "incident_reports" | "notifications" | ... 23 more ... | "updated_contact_details"): PostgrestQueryBuilder<...>', gave the following error.
    Argument of type '"branch_inventory_transfers"' is not assignable to parameter of type '"purchase_history" | "profiles" | "contacts" | "inquiries" | "invoices" | "sales_orders" | "order_slips" | "products" | "sales_inquiries" | "incident_reports" | "notifications" | ... 23 more ... | "updated_contact_details"'.
  Overload 2 of 2, '(relation: never): PostgrestQueryBuilder<{ PostgrestVersion: "13.0.5"; }, { Tables: { agent_customer_breakdown: { Row: { active_count: number; agent_id: string; created_at: string; date: string; id: string; inactive_count: number; prospective_count: number; updated_at: string; }; Insert: { ...; }; Update: { ...; }; Relationships: [...]; }; ... 33 more ...; updated_contact_details: { ...; }; }; Views: {}; Functions: { ...; }; Enums: {}; CompositeTypes: {}; }, never, never, never>', gave the following error.
    Argument of type '"branch_inventory_transfers"' is not assignable to parameter of type 'never'.
services/transferStockService.ts(120,13): error TS2589: Type instantiation is excessively deep and possibly infinite.
services/transferStockService.ts(139,10): error TS2352: Conversion of type '({ items: TransferStockItem[]; active_count: number; agent_id: string; created_at: string; date: string; id: string; inactive_count: number; prospective_count: number; updated_at: string; branch_inventory_transfer_items: SelectQueryError<...>; } | ... 1223 more ... | { ...; })[]' to type 'TransferStock[]' may be a mistake because neither type sufficiently overlaps with the other. If this was intentional, convert the expression to 'unknown' first.
  Type '{ items: TransferStockItem[]; active_count: number; agent_id: string; created_at: string; date: string; id: string; inactive_count: number; prospective_count: number; updated_at: string; branch_inventory_transfer_items: SelectQueryError<...>; } | ... 1223 more ... | { ...; }' is not comparable to type 'TransferStock'.
    Type '{ items: TransferStockItem[]; approval_date: string; approval_status: string; approved_by: string; changed_fields: Json; contact_id: string; created_at: string; ... 5 more ...; branch_inventory_transfer_items: SelectQueryError<...>; }' is missing the following properties from type 'TransferStock': transfer_no, transfer_date, status, is_deleted
services/transferStockService.ts(141,12): error TS2352: Conversion of type 'SelectQueryError<"could not find the relation between purchase_history and branch_inventory_transfer_items"> | SelectQueryError<"could not find the relation between profiles and branch_inventory_transfer_items"> | ... 32 more ... | SelectQueryError<...>' to type 'TransferStockItem[]' may be a mistake because neither type sufficiently overlaps with the other. If this was intentional, convert the expression to 'unknown' first.
  Type '{ error: true; } & String' is missing the following properties from type 'TransferStockItem[]': pop, push, join, reverse, and 21 more.
services/transferStockService.ts(164,11): error TS2769: No overload matches this call.
  Overload 1 of 2, '(relation: "purchase_history" | "profiles" | "contacts" | "inquiries" | "invoices" | "sales_orders" | "order_slips" | "products" | "sales_inquiries" | "incident_reports" | "notifications" | ... 23 more ... | "updated_contact_details"): PostgrestQueryBuilder<...>', gave the following error.
    Argument of type '"branch_inventory_transfers"' is not assignable to parameter of type '"purchase_history" | "profiles" | "contacts" | "inquiries" | "invoices" | "sales_orders" | "order_slips" | "products" | "sales_inquiries" | "incident_reports" | "notifications" | ... 23 more ... | "updated_contact_details"'.
  Overload 2 of 2, '(relation: never): PostgrestQueryBuilder<{ PostgrestVersion: "13.0.5"; }, { Tables: { agent_customer_breakdown: { Row: { active_count: number; agent_id: string; created_at: string; date: string; id: string; inactive_count: number; prospective_count: number; updated_at: string; }; Insert: { ...; }; Update: { ...; }; Relationships: [...]; }; ... 33 more ...; updated_contact_details: { ...; }; }; Views: {}; Functions: { ...; }; Enums: {}; CompositeTypes: {}; }, never, never, never>', gave the following error.
    Argument of type '"branch_inventory_transfers"' is not assignable to parameter of type 'never'.
services/transferStockService.ts(199,11): error TS2769: No overload matches this call.
  Overload 1 of 2, '(relation: "purchase_history" | "profiles" | "contacts" | "inquiries" | "invoices" | "sales_orders" | "order_slips" | "products" | "sales_inquiries" | "incident_reports" | "notifications" | ... 23 more ... | "updated_contact_details"): PostgrestQueryBuilder<...>', gave the following error.
    Argument of type '"branch_inventory_transfers"' is not assignable to parameter of type '"purchase_history" | "profiles" | "contacts" | "inquiries" | "invoices" | "sales_orders" | "order_slips" | "products" | "sales_inquiries" | "incident_reports" | "notifications" | ... 23 more ... | "updated_contact_details"'.
  Overload 2 of 2, '(relation: never): PostgrestQueryBuilder<{ PostgrestVersion: "13.0.5"; }, { Tables: { agent_customer_breakdown: { Row: { active_count: number; agent_id: string; created_at: string; date: string; id: string; inactive_count: number; prospective_count: number; updated_at: string; }; Insert: { ...; }; Update: { ...; }; Relationships: [...]; }; ... 33 more ...; updated_contact_details: { ...; }; }; Views: {}; Functions: { ...; }; Enums: {}; CompositeTypes: {}; }, never, never, never>', gave the following error.
    Argument of type '"branch_inventory_transfers"' is not assignable to parameter of type 'never'.
services/transferStockService.ts(239,11): error TS2769: No overload matches this call.
  Overload 1 of 2, '(relation: "purchase_history" | "profiles" | "contacts" | "inquiries" | "invoices" | "sales_orders" | "order_slips" | "products" | "sales_inquiries" | "incident_reports" | "notifications" | ... 23 more ... | "updated_contact_details"): PostgrestQueryBuilder<...>', gave the following error.
    Argument of type '"branch_inventory_transfers"' is not assignable to parameter of type '"purchase_history" | "profiles" | "contacts" | "inquiries" | "invoices" | "sales_orders" | "order_slips" | "products" | "sales_inquiries" | "incident_reports" | "notifications" | ... 23 more ... | "updated_contact_details"'.
  Overload 2 of 2, '(relation: never): PostgrestQueryBuilder<{ PostgrestVersion: "13.0.5"; }, { Tables: { agent_customer_breakdown: { Row: { active_count: number; agent_id: string; created_at: string; date: string; id: string; inactive_count: number; prospective_count: number; updated_at: string; }; Insert: { ...; }; Update: { ...; }; Relationships: [...]; }; ... 33 more ...; updated_contact_details: { ...; }; }; Views: {}; Functions: { ...; }; Enums: {}; CompositeTypes: {}; }, never, never, never>', gave the following error.
    Argument of type '"branch_inventory_transfers"' is not assignable to parameter of type 'never'.
services/transferStockService.ts(269,11): error TS2769: No overload matches this call.
  Overload 1 of 2, '(relation: "purchase_history" | "profiles" | "contacts" | "inquiries" | "invoices" | "sales_orders" | "order_slips" | "products" | "sales_inquiries" | "incident_reports" | "notifications" | ... 23 more ... | "updated_contact_details"): PostgrestQueryBuilder<...>', gave the following error.
    Argument of type '"branch_inventory_transfers"' is not assignable to parameter of type '"purchase_history" | "profiles" | "contacts" | "inquiries" | "invoices" | "sales_orders" | "order_slips" | "products" | "sales_inquiries" | "incident_reports" | "notifications" | ... 23 more ... | "updated_contact_details"'.
  Overload 2 of 2, '(relation: never): PostgrestQueryBuilder<{ PostgrestVersion: "13.0.5"; }, { Tables: { agent_customer_breakdown: { Row: { active_count: number; agent_id: string; created_at: string; date: string; id: string; inactive_count: number; prospective_count: number; updated_at: string; }; Insert: { ...; }; Update: { ...; }; Relationships: [...]; }; ... 33 more ...; updated_contact_details: { ...; }; }; Views: {}; Functions: { ...; }; Enums: {}; CompositeTypes: {}; }, never, never, never>', gave the following error.
    Argument of type '"branch_inventory_transfers"' is not assignable to parameter of type 'never'.
services/transferStockService.ts(301,11): error TS2769: No overload matches this call.
  Overload 1 of 2, '(relation: "purchase_history" | "profiles" | "contacts" | "inquiries" | "invoices" | "sales_orders" | "order_slips" | "products" | "sales_inquiries" | "incident_reports" | "notifications" | ... 23 more ... | "updated_contact_details"): PostgrestQueryBuilder<...>', gave the following error.
    Argument of type '"branch_inventory_transfer_items"' is not assignable to parameter of type '"purchase_history" | "profiles" | "contacts" | "inquiries" | "invoices" | "sales_orders" | "order_slips" | "products" | "sales_inquiries" | "incident_reports" | "notifications" | ... 23 more ... | "updated_contact_details"'.
  Overload 2 of 2, '(relation: never): PostgrestQueryBuilder<{ PostgrestVersion: "13.0.5"; }, { Tables: { agent_customer_breakdown: { Row: { active_count: number; agent_id: string; created_at: string; date: string; id: string; inactive_count: number; prospective_count: number; updated_at: string; }; Insert: { ...; }; Update: { ...; }; Relationships: [...]; }; ... 33 more ...; updated_contact_details: { ...; }; }; Views: {}; Functions: { ...; }; Enums: {}; CompositeTypes: {}; }, never, never, never>', gave the following error.
    Argument of type '"branch_inventory_transfer_items"' is not assignable to parameter of type 'never'.
services/transferStockService.ts(303,7): error TS2769: No overload matches this call.
  Overload 1 of 2, '(values: { active_count?: number; agent_id: string; created_at?: string; date: string; id?: string; inactive_count?: number; prospective_count?: number; updated_at?: string; } | { agent_id: string; created_at?: string; ... 4 more ...; updated_at?: string; } | ... 32 more ... | { ...; }, options?: { ...; }): PostgrestFilterBuilder<...>', gave the following error.
    Object literal may only specify known properties, and 'transfer_id' does not exist in type '{ active_count?: number; agent_id: string; created_at?: string; date: string; id?: string; inactive_count?: number; prospective_count?: number; updated_at?: string; } | { agent_id: string; created_at?: string; ... 4 more ...; updated_at?: string; } | ... 32 more ... | { ...; }'.
  Overload 2 of 2, '(values: ({ active_count?: number; agent_id: string; created_at?: string; date: string; id?: string; inactive_count?: number; prospective_count?: number; updated_at?: string; } | { agent_id: string; created_at?: string; ... 4 more ...; updated_at?: string; } | ... 32 more ... | { ...; })[], options?: { ...; }): PostgrestFilterBuilder<...>', gave the following error.
    Object literal may only specify known properties, and 'transfer_id' does not exist in type '({ active_count?: number; agent_id: string; created_at?: string; date: string; id?: string; inactive_count?: number; prospective_count?: number; updated_at?: string; } | { agent_id: string; created_at?: string; ... 4 more ...; updated_at?: string; } | ... 32 more ... | { ...; })[]'.
services/transferStockService.ts(318,10): error TS2352: Conversion of type '{ address: string; aiReasoning: string; aiScore: number; area: string; assignedAgent: string; avatar: string; balance: number; businessLine: string; city: string; comment: string; comments: Json; ... 43 more ...; winProbability: number; } | ... 33 more ... | { ...; }' to type 'TransferStockItem' may be a mistake because neither type sufficiently overlaps with the other. If this was intentional, convert the expression to 'unknown' first.
  Type '{ deleted_at: string; deleted_by: string; expires_at: string; id: string; is_restored: boolean; item_id: string; item_type: string; original_data: Json; permanent_delete_at: string; restore_token: string; restored_at: string; restored_by: string; }' is missing the following properties from type 'TransferStockItem': transfer_id, from_warehouse_id, to_warehouse_id, transfer_qty, created_at
services/transferStockService.ts(329,11): error TS2769: No overload matches this call.
  Overload 1 of 2, '(relation: "purchase_history" | "profiles" | "contacts" | "inquiries" | "invoices" | "sales_orders" | "order_slips" | "products" | "sales_inquiries" | "incident_reports" | "notifications" | ... 23 more ... | "updated_contact_details"): PostgrestQueryBuilder<...>', gave the following error.
    Argument of type '"branch_inventory_transfer_items"' is not assignable to parameter of type '"purchase_history" | "profiles" | "contacts" | "inquiries" | "invoices" | "sales_orders" | "order_slips" | "products" | "sales_inquiries" | "incident_reports" | "notifications" | ... 23 more ... | "updated_contact_details"'.
  Overload 2 of 2, '(relation: never): PostgrestQueryBuilder<{ PostgrestVersion: "13.0.5"; }, { Tables: { agent_customer_breakdown: { Row: { active_count: number; agent_id: string; created_at: string; date: string; id: string; inactive_count: number; prospective_count: number; updated_at: string; }; Insert: { ...; }; Update: { ...; }; Relationships: [...]; }; ... 33 more ...; updated_contact_details: { ...; }; }; Views: {}; Functions: { ...; }; Enums: {}; CompositeTypes: {}; }, never, never, never>', gave the following error.
    Argument of type '"branch_inventory_transfer_items"' is not assignable to parameter of type 'never'.
services/transferStockService.ts(340,10): error TS2352: Conversion of type '{ address: string; aiReasoning: string; aiScore: number; area: string; assignedAgent: string; avatar: string; balance: number; businessLine: string; city: string; comment: string; comments: Json; ... 43 more ...; winProbability: number; } | ... 33 more ... | { ...; }' to type 'TransferStockItem' may be a mistake because neither type sufficiently overlaps with the other. If this was intentional, convert the expression to 'unknown' first.
  Type '{ deleted_at: string; deleted_by: string; expires_at: string; id: string; is_restored: boolean; item_id: string; item_type: string; original_data: Json; permanent_delete_at: string; restore_token: string; restored_at: string; restored_by: string; }' is missing the following properties from type 'TransferStockItem': transfer_id, from_warehouse_id, to_warehouse_id, transfer_qty, created_at
services/transferStockService.ts(348,11): error TS2769: No overload matches this call.
  Overload 1 of 2, '(relation: "purchase_history" | "profiles" | "contacts" | "inquiries" | "invoices" | "sales_orders" | "order_slips" | "products" | "sales_inquiries" | "incident_reports" | "notifications" | ... 23 more ... | "updated_contact_details"): PostgrestQueryBuilder<...>', gave the following error.
    Argument of type '"branch_inventory_transfer_items"' is not assignable to parameter of type '"purchase_history" | "profiles" | "contacts" | "inquiries" | "invoices" | "sales_orders" | "order_slips" | "products" | "sales_inquiries" | "incident_reports" | "notifications" | ... 23 more ... | "updated_contact_details"'.
  Overload 2 of 2, '(relation: never): PostgrestQueryBuilder<{ PostgrestVersion: "13.0.5"; }, { Tables: { agent_customer_breakdown: { Row: { active_count: number; agent_id: string; created_at: string; date: string; id: string; inactive_count: number; prospective_count: number; updated_at: string; }; Insert: { ...; }; Update: { ...; }; Relationships: [...]; }; ... 33 more ...; updated_contact_details: { ...; }; }; Views: {}; Functions: { ...; }; Enums: {}; CompositeTypes: {}; }, never, never, never>', gave the following error.
    Argument of type '"branch_inventory_transfer_items"' is not assignable to parameter of type 'never'.
